<?xml version="1.0" encoding="UTF-8"?>
<!-- Generated by org.testng.reporters.JUnitXMLReporter -->
<testsuite hostname="LAPTOP-3FARVQ4Q" ignored="0" name="Default test" tests="3" failures="0" timestamp="17 Sep 2019 13:40:32 GMT" time="103.869" errors="0">
  <testcase name="ConfirmationOfRenteneikommenValue" time="1.825" classname="Reusable.BasePropertyTest"/>
  <testcase name="LoginTest" time="0.054" classname="Reusable.BasePropertyTest"/>
  <testcase name="checkContracts" time="20.055" classname="Reusable.BasePropertyTest"/>
</testsuite> <!-- Default test -->
