<?xml version="1.0" encoding="UTF-8"?>
<testng-results skipped="0" failed="0" ignored="0" total="3" passed="3">
  <reporter-output>
  </reporter-output>
  <suite name="Default suite" duration-ms="103869" started-at="2019-09-17T13:38:48Z" finished-at="2019-09-17T13:40:32Z">
    <groups>
    </groups>
    <test name="Default test" duration-ms="103869" started-at="2019-09-17T13:38:48Z" finished-at="2019-09-17T13:40:32Z">
      <class name="Reusable.BasePropertyTest">
        <test-method status="PASS" signature="SetUp()[pri:0, instance:Reusable.BasePropertyTest@1794d431]" name="SetUp" is-config="true" duration-ms="81903" started-at="2019-09-17T14:38:48Z" finished-at="2019-09-17T14:40:10Z">
          <reporter-output>
          </reporter-output>
        </test-method> <!-- SetUp -->
        <test-method status="PASS" signature="ConfirmationOfRenteneikommenValue()[pri:0, instance:Reusable.BasePropertyTest@1794d431]" name="ConfirmationOfRenteneikommenValue" duration-ms="1825" started-at="2019-09-17T14:40:10Z" finished-at="2019-09-17T14:40:12Z">
          <reporter-output>
          </reporter-output>
        </test-method> <!-- ConfirmationOfRenteneikommenValue -->
        <test-method status="PASS" signature="LoginTest()[pri:0, instance:Reusable.BasePropertyTest@1794d431]" name="LoginTest" duration-ms="54" started-at="2019-09-17T14:40:12Z" finished-at="2019-09-17T14:40:12Z">
          <reporter-output>
          </reporter-output>
        </test-method> <!-- LoginTest -->
        <test-method status="PASS" signature="checkContracts()[pri:0, instance:Reusable.BasePropertyTest@1794d431]" name="checkContracts" duration-ms="20055" started-at="2019-09-17T14:40:12Z" finished-at="2019-09-17T14:40:32Z">
          <reporter-output>
          </reporter-output>
        </test-method> <!-- checkContracts -->
      </class> <!-- Reusable.BasePropertyTest -->
    </test> <!-- Default test -->
  </suite> <!-- Default suite -->
</testng-results>
