<?xml version="1.0" encoding="UTF-8"?>
<!-- Generated by org.testng.reporters.JUnitXMLReporter -->
<testsuite hostname="LAPTOP-3FARVQ4Q" ignored="0" name="Test" tests="1" failures="1" timestamp="30 Aug 2019 09:55:44 GMT" time="7.765" errors="0">
  <testcase name="feature" time="7.326" classname="cucumber.api.testng.AbstractTestNGCucumberTests">
    <failure type="cucumber.runtime.CucumberException" message="java.lang.NullPointerException">
      <![CDATA[cucumber.runtime.CucumberException: java.lang.NullPointerException
	at cucumber.api.testng.TestNGCucumberRunner.runCucumber(TestNGCucumberRunner.java:69)
	at cucumber.api.testng.AbstractTestNGCucumberTests.feature(AbstractTestNGCucumberTests.java:21)
Caused by: java.lang.NullPointerException
	at stepDefinitions.stepDefinition.user_enters_and_and_logsin(stepDefinition.java:34)
	at ✽.When User enters SN027710 and Wiskolowiska2025! and logsin(login.feature:8)
... Removed 25 stack frames]]>
    </failure>
  </testcase> <!-- feature -->
</testsuite> <!-- Test -->
